<?xml version="1.0" encoding="UTF-8"?>
<!-- Generated by org.testng.reporters.JUnitReportReporter -->
<testsuite skipped="0" hostname="NEXTGEN-88" name="session.ParallelExecution" tests="4" failures="0" timestamp="15 Mar 2021 13:33:27 GMT" time="47.251" errors="0">
  <testcase name="B1" time="11.924" classname="session.ParallelExecution"/>
  <testcase name="B1" time="11.495" classname="session.ParallelExecution"/>
  <testcase name="B1" time="12.072" classname="session.ParallelExecution"/>
  <testcase name="B1" time="11.760" classname="session.ParallelExecution"/>
</testsuite> <!-- session.ParallelExecution -->
